c:\users\joe\desktop\函数笔记\function_notes\function_notes\debug\vc141.pdb
c:\users\joe\desktop\函数笔记\function_notes\function_notes\debug\vc141.idb
c:\users\joe\desktop\函数笔记\function_notes\function_notes\debug\getallcsvfilefrompath.obj
c:\users\joe\desktop\函数笔记\function_notes\function_notes\debug\function_notes.obj
c:\users\joe\desktop\函数笔记\function_notes\function_notes\debug\createoutputfiledir.obj
c:\users\joe\desktop\函数笔记\function_notes\function_notes\debug\getsuffix.obj
c:\users\joe\desktop\函数笔记\function_notes\function_notes\debug\function_notes.pch
c:\users\joe\desktop\函数笔记\function_notes\function_notes\debug\stdafx.obj
c:\users\joe\desktop\函数笔记\function_notes\function_notes\debug\getcurrenttimestring.obj
c:\users\joe\desktop\函数笔记\function_notes\debug\function_notes.pdb
c:\users\joe\desktop\函数笔记\function_notes\function_notes\debug\function_notes.tlog\cl.command.1.tlog
c:\users\joe\desktop\函数笔记\function_notes\function_notes\debug\function_notes.tlog\cl.read.1.tlog
c:\users\joe\desktop\函数笔记\function_notes\function_notes\debug\function_notes.tlog\cl.write.1.tlog
c:\users\joe\desktop\函数笔记\function_notes\function_notes\debug\function_notes.tlog\link-cvtres.read.1.tlog
c:\users\joe\desktop\函数笔记\function_notes\function_notes\debug\function_notes.tlog\link-cvtres.write.1.tlog
c:\users\joe\desktop\函数笔记\function_notes\function_notes\debug\function_notes.tlog\link-rc.read.1.tlog
c:\users\joe\desktop\函数笔记\function_notes\function_notes\debug\function_notes.tlog\link-rc.write.1.tlog
c:\users\joe\desktop\函数笔记\function_notes\function_notes\debug\function_notes.tlog\link.20020-cvtres.read.1.tlog
c:\users\joe\desktop\函数笔记\function_notes\function_notes\debug\function_notes.tlog\link.20020-cvtres.write.1.tlog
c:\users\joe\desktop\函数笔记\function_notes\function_notes\debug\function_notes.tlog\link.20020-rc.read.1.tlog
c:\users\joe\desktop\函数笔记\function_notes\function_notes\debug\function_notes.tlog\link.20020-rc.write.1.tlog
c:\users\joe\desktop\函数笔记\function_notes\function_notes\debug\function_notes.tlog\link.20020.read.1.tlog
c:\users\joe\desktop\函数笔记\function_notes\function_notes\debug\function_notes.tlog\link.20020.write.1.tlog
c:\users\joe\desktop\函数笔记\function_notes\function_notes\debug\function_notes.tlog\link.command.1.tlog
c:\users\joe\desktop\函数笔记\function_notes\function_notes\debug\function_notes.tlog\link.read.1.tlog
c:\users\joe\desktop\函数笔记\function_notes\function_notes\debug\function_notes.tlog\link.write.1.tlog
